<?xml version="1.0" encoding="UTF-8"?>
<!-- Generated by org.testng.reporters.JUnitReportReporter -->
<testsuite hostname="DESKTOP-FRKOTJR" failures="0" tests="1" name="testngpgm.guru" time="3.269" errors="0" timestamp="2023-10-25T09:08:12 IST" skipped="0">
  <testcase classname="testngpgm.guru" name="test" time="3.269"/>
  <system-out/>
</testsuite> <!-- testngpgm.guru -->
