<?xml version="1.0" encoding="UTF-8"?>
<!-- Generated by org.testng.reporters.JUnitReportReporter -->
<testsuite hostname="DESKTOP-FRKOTJR" failures="0" tests="1" name="testngpgm.Paratstng" time="0.014" errors="0" timestamp="2023-10-19T12:47:51 IST" skipped="0">
  <testcase classname="testngpgm.Paratstng" name="test" time="0.014"/>
  <system-out/>
</testsuite> <!-- testngpgm.Paratstng -->
