<?xml version="1.0" encoding="UTF-8"?>
<!-- Generated by org.testng.reporters.JUnitReportReporter -->
<testsuite hostname="DESKTOP-FRKOTJR" failures="0" tests="1" name="testpkg.Fblogintest" time="9.221" errors="0" timestamp="2023-11-02T12:13:51 IST" skipped="0">
  <testcase classname="testpkg.Fblogintest" name="testlogin" time="9.221"/>
  <system-out/>
</testsuite> <!-- testpkg.Fblogintest -->
