<?xml version="1.0" encoding="UTF-8"?>
<!-- Generated by org.testng.reporters.JUnitReportReporter -->
<testsuite hostname="DESKTOP-FRKOTJR" failures="0" tests="1" name="testngpgm.Amazon" time="55.650" errors="0" timestamp="2023-10-30T12:16:17 IST" skipped="0">
  <testcase classname="testngpgm.Amazon" name="login" time="55.650"/>
  <system-out/>
</testsuite> <!-- testngpgm.Amazon -->
