<?xml version="1.0" encoding="UTF-8"?>
<!-- Generated by org.testng.reporters.JUnitReportReporter -->
<testsuite hostname="DESKTOP-FRKOTJR" failures="0" tests="1" name="testngpgm.Fileuploadpgm" time="12.743" errors="0" timestamp="2023-10-27T13:02:09 IST" skipped="0">
  <testcase classname="testngpgm.Fileuploadpgm" name="upload" time="12.743"/>
  <system-out/>
</testsuite> <!-- testngpgm.Fileuploadpgm -->
