<?xml version="1.0" encoding="UTF-8"?>
<!-- Generated by org.testng.reporters.JUnitReportReporter -->
<testsuite hostname="DESKTOP-FRKOTJR" failures="0" tests="4" name="testngpgm.Prioritytestng" time="0.025" errors="0" timestamp="2023-10-19T12:39:45 IST" skipped="0">
  <testcase classname="testngpgm.Prioritytestng" name="test2" time="0.004"/>
  <system-out/>
  <testcase classname="testngpgm.Prioritytestng" name="test3" time="0.004"/>
  <system-out/>
  <testcase classname="testngpgm.Prioritytestng" name="test4" time="0.006"/>
  <system-out/>
  <testcase classname="testngpgm.Prioritytestng" name="test1" time="0.011"/>
  <system-out/>
</testsuite> <!-- testngpgm.Prioritytestng -->
