<?xml version="1.0" encoding="UTF-8"?>
<!-- Generated by org.testng.reporters.JUnitReportReporter -->
<testsuite hostname="DESKTOP-FRKOTJR" failures="0" tests="1" name="testngpgm.popup" time="28.556" errors="0" timestamp="2023-10-31T13:20:10 IST" skipped="0">
  <testcase classname="testngpgm.popup" name="test" time="28.556"/>
  <system-out/>
</testsuite> <!-- testngpgm.popup -->
