<?xml version="1.0" encoding="UTF-8"?>
<!-- Generated by org.testng.reporters.JUnitReportReporter -->
<testsuite hostname="DESKTOP-FRKOTJR" failures="0" tests="1" name="testngpgm.Multiplewindow" time="12.651" errors="0" timestamp="2023-10-30T12:47:04 IST" skipped="0">
  <testcase classname="testngpgm.Multiplewindow" name="test" time="12.651"/>
  <system-out/>
</testsuite> <!-- testngpgm.Multiplewindow -->
