<?xml version="1.0" encoding="UTF-8"?>
<!-- Generated by org.testng.reporters.JUnitReportReporter -->
<testsuite hostname="DESKTOP-FRKOTJR" failures="0" tests="4" name="testngpgm.Pgmtestng" time="0.029" errors="0" timestamp="2023-10-18T14:41:47 IST" skipped="1">
  <testcase classname="testngpgm.Pgmtestng" name="test1" time="0.016"/>
  <system-out/>
  <testcase classname="testngpgm.Pgmtestng" name="test1" time="0.009"/>
  <system-out/>
  <testcase classname="testngpgm.Pgmtestng" name="test1" time="0.004"/>
  <system-out/>
  <testcase classname="testngpgm.Pgmtestng" name="test2">
    <skipped/>
  </testcase> <!-- test2 -->
  <system-out/>
</testsuite> <!-- testngpgm.Pgmtestng -->
