<?xml version="1.0" encoding="UTF-8"?>
<!-- Generated by org.testng.reporters.JUnitReportReporter -->
<testsuite hostname="DESKTOP-FRKOTJR" failures="0" tests="1" name="testngpgm.booking1" time="10.887" errors="0" timestamp="2023-10-31T13:22:17 IST" skipped="0">
  <testcase classname="testngpgm.booking1" name="test" time="10.887"/>
  <system-out/>
</testsuite> <!-- testngpgm.booking1 -->
