<?xml version="1.0" encoding="UTF-8"?>
<!-- Generated by org.testng.reporters.JUnitReportReporter -->
<testsuite hostname="DESKTOP-FRKOTJR" failures="0" tests="1" name="testngpgm.Fileupload" time="0.506" errors="0" timestamp="2023-10-26T10:35:33 IST" skipped="0">
  <testcase classname="testngpgm.Fileupload" name="upload" time="0.506"/>
  <system-out/>
</testsuite> <!-- testngpgm.Fileupload -->
