<?xml version="1.0" encoding="UTF-8"?>
<!-- Generated by org.testng.reporters.JUnitReportReporter -->
<testsuite hostname="DESKTOP-FRKOTJR" failures="0" tests="1" name="testngpgm.Bookingpgm" time="2.627" errors="0" timestamp="2023-11-01T13:46:39 IST" skipped="0">
  <testcase classname="testngpgm.Bookingpgm" name="test" time="2.627"/>
  <system-out/>
</testsuite> <!-- testngpgm.Bookingpgm -->
