<?xml version="1.0" encoding="UTF-8"?>
<!-- Generated by org.testng.reporters.JUnitReportReporter -->
<testsuite hostname="DESKTOP-FRKOTJR" failures="0" tests="1" name="testngpgm.Amazonscroldown" time="12.178" errors="0" timestamp="2023-11-07T16:49:34 IST" skipped="0">
  <testcase classname="testngpgm.Amazonscroldown" name="test" time="12.178"/>
  <system-out/>
</testsuite> <!-- testngpgm.Amazonscroldown -->
